=== PATCH APPLICATION LOG ===
Date: Sun Mar 29 17:11:29 UTC 2026
Files in src/:
src/vk_photo_downloader.js
Patches found: 1

=== APPLYING PATCHES ===

--- патч1.diff ---
Target file: vk_photo_downloader.js
Patch header:
--- a/vk_photo_downloader.js
+++ b/vk_photo_downloader.js
@@ -1,17 +1,18 @@
⚠ Auto-fix: trying src/vk_photo_downloader.js
(Stripping trailing CRs from patch; use --binary to disable.)
can't find file to patch at input line 3
Perhaps you used the wrong -p or --strip option?
The text leading up to this was:
--------------------------
|--- a/vk_photo_downloader.js
|+++ b/vk_photo_downloader.js
--------------------------
No file to patch.  Skipping patch.
patch: **** malformed patch at line 23: +// @noframes

✗ FAILED
Error details:
 
     // DOWNLOAD
     runDownload: function() {
-        if (this.isProcessing) return; let photos = [];
+        if (this.isDownloading) return; let photos = [];
         if (this.mode === 'range') { if (!this.cachedPhotos.length) return; photos = this.cachedPhotos; }
         else { if (!this.pickedPhotos.length) return; photos = this.pickedPhotos.slice().sort((a, b) => a.numericId - b.numericId); }
-        this.isProcessing = true; const btnA = document.getElementById('sf-btn-a'); const btnB = document.getElementById('sf-btn-b'); if (btnA) btnA.disabled = true; if (btnB) btnB.disabled = true; this.setRunButtonDisabled(true);
+        this.isDownloading = true; const btnA = document.getElementById('sf-btn-a'); const btnB = document.getElementById('sf-btn-b'); if (btnA) btnA.disabled = true; if (btnB) btnB.disabled = true; this.setRunButtonDisabled(true);
         const prefix = document.getElementById('sf-prefix').value.trim(); const width = String(photos.length).length;
         const links = photos.map((p, i) => ({ url: p.url, filename: (prefix ? `${prefix}_VK_` : 'VK_') + String(i + 1).padStart(width, '0') + '.jpg' }));
         this.startDownloadQueue(links);
@@ -480,7 +465,7 @@
         this._finishDownload('✓ Готово!', 'green');
     },
 
-    _finishDownload: function(statusText, color) { this.updateStatus(statusText, color); this.isProcessing = false; this.setProgress(0); this.updateToggleUI(this.mode === 'range'); },
+    _finishDownload: function(statusText, color) { this.updateStatus(statusText, color); this.isDownloading = false; this.setProgress(0); this.updateToggleUI(this.mode === 'range'); },
     calculateRealIndex: function(visualIndex, total, isReverse) { return isReverse ? (total - visualIndex + 1) : visualIndex; }
 };

=== SUMMARY ===
Total patches: 1
Applied: 0
Skipped (already applied): 0
Skipped (file not found): 0
Failed: 1
